
bash-5.3$ cargo build
warning: profiles for the non root package will be ignored, specify profiles at the workspace root:
package:   /data/data/com.termux.nix/files/home/pick-up-nix2/vendor/rust/platform-tools-agave-rust-solana/vendor/rust-src/vendor/rust/rust-bootstrap-nix/standalonex/src/bootstrap/Cargo.toml
workspace: /data/data/com.termux.nix/files/home/pick-up-nix2/vendor/rust/platform-tools-agave-rust-solana/vendor/rust-src/vendor/rust/rust-bootstrap-nix/Cargo.toml
warning: /data/data/com.termux.nix/files/home/pick-up-nix2/vendor/rust/platform-tools-agave-rust-solana/vendor/rust-src/vendor/rust/rust-bootstrap-nix/test_definitions_crates/test_definitions_macro/Cargo.toml: no edition set: defaulting to the 2015 edition while the latest is 2024
    Updating crates.io index
error: no matching package named `proc_macro` found
location searched: crates.io index
required by package `test_definitions_macro v0.1.0 (/data/data/com.termux.nix/files/home/pick-up-nix2/vendor/rust/platform-tools-agave-rust-solana/vendor/rust-src/vendor/rust/rust-bootstrap-nix/test_definitions_crates/test_definitions_macro)`
bash-5.3$ cargo build
warning: profiles for the non root package will be ignored, specify profiles at the workspace root:
package:   /data/data/com.termux.nix/files/home/pick-up-nix2/vendor/rust/platform-tools-agave-rust-solana/vendor/rust-src/vendor/rust/rust-bootstrap-nix/standalonex/src/bootstrap/Cargo.toml
workspace: /data/data/com.termux.nix/files/home/pick-up-nix2/vendor/rust/platform-tools-agave-rust-solana/vendor/rust-src/vendor/rust/rust-bootstrap-nix/Cargo.toml
warning: /data/data/com.termux.nix/files/home/pick-up-nix2/vendor/rust/platform-tools-agave-rust-solana/vendor/rust-src/vendor/rust/rust-bootstrap-nix/test_definitions_crates/test_definitions_macro/Cargo.toml: no edition set: defaulting to the 2015 edition while the latest is 2024
   Compiling test_definitions_macro v0.1.0 (/data/data/com.termux.nix/files/home/pick-up-nix2/vendor/rust/platform-tools-agave-rust-solana/vendor/rust-src/vendor/rust/rust-bootstrap-nix/test_definitions_crates/test_definitions_macro)
   Compiling clap_complete v4.5.59
   Compiling build_helper v0.1.0 (/data/data/com.termux.nix/files/home/pick-up-nix2/vendor/rust/platform-tools-agave-rust-solana/vendor/rust-src/vendor/rust/rust-bootstrap-nix/standalonex/src/build_helper)
   Compiling semver v1.0.27
   Compiling termcolor v1.4.1
   Compiling hashbrown v0.16.0
   Compiling bootstrap-test-utils v0.1.0 (/data/data/com.termux.nix/files/home/pick-up-nix2/vendor/rust/platform-tools-agave-rust-solana/vendor/rust-src/vendor/rust/rust-bootstrap-nix/standalonex/src/bootstrap/src/core/build_steps/test_utils)
   Compiling home v0.5.12
error[E0432]: unresolved import `crate::prelude`
 --> standalonex/src/bootstrap/src/core/build_steps/test_utils/src/lib.rs:1:12
  |
1 | use crate::prelude::*;
  |            ^^^^^^^
  |            |
  |            unresolved import
  |            help: a similar path exists: `core::prelude`

For more information about this error, try `rustc --explain E0432`.
error: could not compile `bootstrap-test-utils` (lib) due to 1 previous error
warning: build failed, waiting for other jobs to finish...
error[E0753]: expected outer doc comment
 --> standalonex/src/build_helper/src/lib.rs:4:1
  |
4 | //! Types and functions shared across tools in this workspace.
  | ^^^^^^^^^^^^^^^^^^^^^^^^^^^^^^^^^^^^^^^^^^^^^^^^^^^^^^^^^^^^^^
5 |
6 | pub mod ci;
  | ----------- the inner doc comment doesn't annotate this module
  |
help: to annotate the module, change the doc comment from inner to outer style
  |
4 - //! Types and functions shared across tools in this workspace.
4 + /// Types and functions shared across tools in this workspace.
  |

error[E0753]: expected outer doc comment
 --> standalonex/src/build_helper/src/drop_bomb/mod.rs:3:1
  |
3 | //! This module implements "drop bombs" intended for use by command wrappers to ensure that the
  | ^^^^^^^^^^^^^^^^^^^^^^^^^^^^^^^^^^^^^^^^^^^^^^^^^^^^^^^^^^^^^^^^^^^^^^^^^^^^^^^^^^^^^^^^^^^^^^^
  |
  = note: inner doc comments like this (starting with `//!` or `/*!`) can only appear before items
help: you might have meant to write a regular comment
  |
3 - //! This module implements "drop bombs" intended for use by command wrappers to ensure that the
3 + // This module implements "drop bombs" intended for use by command wrappers to ensure that the
  |

error[E0753]: expected outer doc comment
 --> standalonex/src/build_helper/src/drop_bomb/mod.rs:4:1
  |
4 | //! constructed commands are *eventually* executed. This is exactly like `rustc_errors::Diag` where
  | ^^^^^^^^^^^^^^^^^^^^^^^^^^^^^^^^^^^^^^^^^^^^^^^^^^^^^^^^^^^^^^^^^^^^^^^^^^^^^^^^^^^^^^^^^^^^^^^^^^^
  |
  = note: inner doc comments like this (starting with `//!` or `/*!`) can only appear before items
help: you might have meant to write a regular comment
  |
4 - //! constructed commands are *eventually* executed. This is exactly like `rustc_errors::Diag` where
4 + // constructed commands are *eventually* executed. This is exactly like `rustc_errors::Diag` where
  |

error[E0753]: expected outer doc comment
 --> standalonex/src/build_helper/src/drop_bomb/mod.rs:5:1
  |
5 | //! we force every `Diag` to be consumed or we emit a bug, but we panic instead.
  | ^^^^^^^^^^^^^^^^^^^^^^^^^^^^^^^^^^^^^^^^^^^^^^^^^^^^^^^^^^^^^^^^^^^^^^^^^^^^^^^^
  |
  = note: inner doc comments like this (starting with `//!` or `/*!`) can only appear before items
help: you might have meant to write a regular comment
  |
5 - //! we force every `Diag` to be consumed or we emit a bug, but we panic instead.
5 + // we force every `Diag` to be consumed or we emit a bug, but we panic instead.
  |

error[E0753]: expected outer doc comment
 --> standalonex/src/build_helper/src/drop_bomb/mod.rs:6:1
  |
6 | //!
  | ^^^
  |
  = note: inner doc comments like this (starting with `//!` or `/*!`) can only appear before items
help: you might have meant to write a regular comment
  |
6 - //!
6 + //
  |

error[E0753]: expected outer doc comment
 --> standalonex/src/build_helper/src/drop_bomb/mod.rs:7:1
  |
7 | //! This is adapted from <https://docs.rs/drop_bomb/latest/drop_bomb/> and simplified for our
  | ^^^^^^^^^^^^^^^^^^^^^^^^^^^^^^^^^^^^^^^^^^^^^^^^^^^^^^^^^^^^^^^^^^^^^^^^^^^^^^^^^^^^^^^^^^^^^
  |
  = note: inner doc comments like this (starting with `//!` or `/*!`) can only appear before items
help: you might have meant to write a regular comment
  |
7 - //! This is adapted from <https://docs.rs/drop_bomb/latest/drop_bomb/> and simplified for our
7 + // This is adapted from <https://docs.rs/drop_bomb/latest/drop_bomb/> and simplified for our
  |

error[E0753]: expected outer doc comment
  --> standalonex/src/build_helper/src/drop_bomb/mod.rs:8:1
   |
8  | //! purposes.
   | ^^^^^^^^^^^^^
9  |
10 | use std::ffi::{OsStr, OsString};
   | -------------------------------- the inner doc comment doesn't annotate this `use` import
   |
help: to annotate the `use` import, change the doc comment from inner to outer style
   |
8  - //! purposes.
8  + /// purposes.
   |

error[E0432]: unresolved import `proc_macro`
 --> test_definitions_crates/test_definitions_macro/src/lib.rs:2:5
  |
2 | use proc_macro::TokenStream;
  |     ^^^^^^^^^^ use of unresolved module or unlinked crate `proc_macro`
  |
help: if you wanted to use a crate named `proc_macro`, use `cargo add proc_macro` to add it to your `Cargo.toml` and import it in your code
  |
2 + extern crate proc_macro;
  |

error[E0432]: unresolved import `quote`
 --> test_definitions_crates/test_definitions_macro/src/lib.rs:3:5
  |
3 | use quote::quote;
  |     ^^^^^ use of unresolved module or unlinked crate `quote`
  |
help: if you wanted to use a crate named `quote`, use `cargo add quote` to add it to your `Cargo.toml` and import it in your code
  |
2 + extern crate quote;
  |

error[E0432]: unresolved import `syn`
 --> test_definitions_crates/test_definitions_macro/src/lib.rs:4:5
  |
4 | use syn::{parse_macro_input, Ident, LitBool, LitStr};
  |     ^^^ use of unresolved module or unlinked crate `syn`
  |
help: if you wanted to use a crate named `syn`, use `cargo add syn` to add it to your `Cargo.toml` and import it in your code
  |
2 + extern crate syn;
  |

warning: unused import: `crate::prelude::*`
 --> standalonex/src/build_helper/src/lib.rs:1:5
  |
1 | use crate::prelude::*;
  |     ^^^^^^^^^^^^^^^^^
  |
  = note: `#[warn(unused_imports)]` on by default

warning: unused import: `crate::prelude::*`
 --> standalonex/src/build_helper/src/ci.rs:1:5
  |
1 | use crate::prelude::*;
  |     ^^^^^^^^^^^^^^^^^

warning: unused import: `crate::prelude::*`
 --> standalonex/src/build_helper/src/drop_bomb/mod.rs:1:5
  |
1 | use crate::prelude::*;
  |     ^^^^^^^^^^^^^^^^^

warning: unused import: `crate::prelude::*`
 --> standalonex/src/build_helper/src/git.rs:1:5
  |
1 | use crate::prelude::*;
  |     ^^^^^^^^^^^^^^^^^

warning: unused import: `crate::prelude::*`
 --> standalonex/src/build_helper/src/metrics.rs:1:5
  |
1 | use crate::prelude::*;
  |     ^^^^^^^^^^^^^^^^^

warning: unused import: `crate::prelude::*`
 --> standalonex/src/build_helper/src/stage0_parser.rs:1:5
  |
1 | use crate::prelude::*;
  |     ^^^^^^^^^^^^^^^^^

warning: unused import: `crate::prelude::*`
 --> standalonex/src/build_helper/src/util.rs:1:5
  |
1 | use crate::prelude::*;
  |     ^^^^^^^^^^^^^^^^^

error: could not compile `test_definitions_macro` (lib) due to 3 previous errors
For more information about this error, try `rustc --explain E0753`.
warning: `build_helper` (lib) generated 7 warnings
error: could not compile `build_helper` (lib) due to 7 previous errors; 7 warnings emitted
bash-5.3$ 